<?xml version="1.0" encoding="UTF-8"?>
<testsuite xmlns:xsi="http://www.w3.org/2001/XMLSchema-instance" xsi:noNamespaceSchemaLocation="https://maven.apache.org/surefire/maven-surefire-plugin/xsd/surefire-test-report.xsd" name="com.mavenSwt.mavenSwtPF.AppTest" time="0.041" tests="2" errors="0" skipped="0" failures="0">
  <properties>
[...]
</properties>
  <testcase name="testApp" classname="com.mavenSwt.mavenSwtPF.AppTest" time="0.002"/>
  <testcase name="testPFEnum" classname="com.mavenSwt.mavenSwtPF.AppTest" time="0.016"/>
</testsuite>